09-05-2018 06:48:56 INFO Array
(
    [column] => name
    [label] => Name
    [type] => text
)
 
09-05-2018 06:48:56 INFO Array
(
    [column] => description
    [label] => Description
    [type] => textarea
)
 
09-05-2018 06:48:56 INFO Array
(
    [column] => price
    [label] => Price
    [type] => text
)
 
09-05-2018 06:48:56 INFO Array
(
    [column] => category
    [label] => Category
    [display_column] => name
)
 
09-05-2018 07:08:06 INFO Logout 
09-05-2018 07:13:28 INFO Logout 
09-05-2018 07:25:18 INFO Logout 
